\BOOKMARK [1][-]{section.1}{\376\377\000E\000p\000o\000s\000\040\000o\000\040\000G\000i\000l\000g\000a\000m\000e\001\141\000o\000v\000i}{}% 1
\BOOKMARK [1][-]{section.2}{\376\377\000R\000o\000m\000e\000o\000\040\000a\000\040\000J\000u\000l\000i\000e}{}% 2
\BOOKMARK [1][-]{section.3}{\376\377\000L\000a\000k\000o\000m\000e\000c}{}% 3
\BOOKMARK [1][-]{section.4}{\376\377\000R\000e\000v\000i\000z\000o\000r}{}% 4
\BOOKMARK [1][-]{section.5}{\376\377\000K\000r\000\341\000l\000\040\000L\000\341\000v\000r\000a}{}% 5
\BOOKMARK [1][-]{section.6}{\376\377\000K\000y\000t\000i\000c\000e}{}% 6
\BOOKMARK [1][-]{section.7}{\376\377\000D\000i\000v\000\341\000\040\000B\000\341\000r\000a}{}% 7
\BOOKMARK [1][-]{section.8}{\376\377\000M\000a\000r\000y\001\141\000a}{}% 8
\BOOKMARK [1][-]{section.9}{\376\377\000P\000e\000s\000\040\000b\000a\000s\000k\000e\000r\000v\000i\000l\000l\000s\000k\000\375}{}% 9
\BOOKMARK [1][-]{section.10}{\376\377\000P\000r\000o\000c\000e\000s}{}% 10
\BOOKMARK [1][-]{section.11}{\376\377\000P\000r\000o\000m\001\033\000n\000a}{}% 11
\BOOKMARK [1][-]{section.12}{\376\377\000S\000t\000a\001\131\000e\000c\000\040\000a\000\040\000m\000o\001\131\000e}{}% 12
\BOOKMARK [1][-]{section.13}{\376\377\000V\000e\000l\000k\000\375\000\040\000G\000a\000t\000s\000b\000y}{}% 13
\BOOKMARK [1][-]{section.14}{\376\377\000F\000a\000r\000m\000a\000\040\000z\000v\000\355\001\131\000a\000t}{}% 14
\BOOKMARK [1][-]{section.15}{\376\377\000K\000r\000y\000s\000a\001\131}{}% 15
\BOOKMARK [1][-]{section.16}{\376\377\000V\000\341\000l\000k\000a\000\040\000s\000\040\000m\000l\000o\000k\000y}{}% 16
\BOOKMARK [1][-]{section.17}{\376\377\000B\000\355\000l\000\341\000\040\000n\000e\000m\000o\000c}{}% 17
\BOOKMARK [1][-]{section.18}{\376\377\000O\000s\000u\000d\000y\000\040\000d\000o\000b\000r\000\351\000h\000o\000\040\000v\000o\000j\000\341\000k\000a\000\040\001\140\000v\000e\000j\000k\000a\000\040\000z\000a\000\040\000s\000v\001\033\000t\000o\000v\000\351\000\040\000v\000\341\000l\000k\000y}{}% 18
\BOOKMARK [1][-]{section.19}{\376\377\000S\000m\000r\000t\000\040\000k\000r\000\375\000s\000n\000\375\000c\000h\000\040\000s\000r\000n\000c\001\157}{}% 19
\BOOKMARK [1][-]{section.20}{\376\377\000P\000r\000i\000m\000a\000\040\000s\000e\000z\000o\000n\000a}{}% 20
