\BOOKMARK [1][-]{section.1}{\376\377\000M\000e\000c\000h\000a\000t\000r\000o\000n\000i\000k\000a\000,\000\040\000m\000e\000c\000h\000a\000t\000r\000o\000n\000i\000c\000k\000\375\000\040\000n\000\341\000v\000r\000h\000,\000\040\000s\000y\000s\000t\000\351\000m\000\040\000a\000\040\000v\000\375\000r\000o\000b\000e\000k}{}% 1
\BOOKMARK [1][-]{section.2}{\376\377\000L\000o\000g\000i\000c\000k\000\351\000\040\001\131\000\355\000z\000e\000n\000\355\000\040\040\023\000\040\000p\000r\000o\000g\000r\000a\000m\000o\000v\000a\000c\000\355\000\040\000j\000a\000z\000y\000k\000y\000,\000\040\000l\000o\000g\000i\000c\000k\000\351\000\040\000f\000u\000n\000k\000c\000e}{}% 2
\BOOKMARK [1][-]{section.3}{\376\377\000K\000o\000m\000b\000i\000n\000a\001\015\000n\000\355\000\040\000l\000o\000g\000i\000c\000k\000\351\000\040\001\131\000\355\000z\000e\000n\000\355\000,\000\040\000m\000i\000n\000i\000m\000a\000l\000i\000z\000a\000c\000e}{}% 3
\BOOKMARK [1][-]{section.4}{\376\377\000S\000e\000k\000v\000e\000n\001\015\000n\000\355\000\040\000l\000o\000g\000i\000c\000k\000\351\000\040\001\131\000\355\000z\000e\000n\000\355\000,\000\040\000k\000l\000o\000p\000n\000\351\000\040\000o\000b\000v\000o\000d\000y}{}% 4
\BOOKMARK [1][-]{section.5}{\376\377\000D\000i\000s\000k\000r\000\351\000t\000n\000\355\000\040\001\131\000\355\000z\000e\000n\000\355\000\040\040\023\000\040\000p\000o\000u\001\176\000i\000t\000\355\000,\000\040\000s\000i\000g\000n\000\341\000l\000y\000,\000\040\000d\000i\000s\000k\000r\000e\000t\000i\000z\000a\000c\000e\000,\000\040\000P\000S\000D\000\040\000r\000e\000g\000u\000l\000\341\000t\000o\000r}{}% 5
\BOOKMARK [1][-]{section.6}{\376\377\000S\000p\000o\000j\000i\000t\000\351\000\040\001\131\000\355\000z\000e\000n\000\355\000\040\000a\000\040\000r\000e\000g\000u\000l\000a\000c\000e\000\040\040\023\000\040\000P\000I\000D\000\040\000r\000e\000g\000u\000l\000\341\000t\000o\000r}{}% 6
\BOOKMARK [1][-]{section.7}{\376\377\000S\000o\000u\000s\000t\000a\000v\000y\000,\000\040\000s\000t\000a\000t\000i\000c\000k\000\351\000,\000\040\000d\000y\000n\000a\000m\000i\000c\000k\000\351\000\040\000a\000\040\000f\000r\000e\000k\000v\000e\000n\001\015\000n\000\355\000\040\000c\000h\000a\000r\000a\000k\000t\000e\000r\000i\000s\000t\000i\000k\000y}{}% 7
\BOOKMARK [1][-]{section.8}{\376\377\000Z\000\341\000k\000l\000a\000d\000y\000\040\000p\000r\000o\000g\000r\000a\000m\000o\000v\000\341\000n\000\355\000\040\000P\000L\000C\000\040\000a\000\040\000m\000i\000k\000r\000o\000k\000o\000n\000t\000r\000o\000l\000\351\000r\001\157}{}% 8
\BOOKMARK [1][-]{section.9}{\376\377\000P\000r\000o\000g\000r\000a\000m\000o\000v\000\341\000n\000\355\000\040\000v\000\040\000j\000a\000z\000y\000c\000e\000\040\000C}{}% 9
\BOOKMARK [1][-]{section.10}{\376\377\000P\000r\001\157\000m\000y\000s\000l\000o\000v\000\351\000\040\000k\000o\000m\000u\000n\000i\000k\000a\000c\000e\000\040\040\023\000\040\000k\000o\000m\000u\000n\000i\000k\000a\001\015\000n\000\355\000\040\000s\000b\001\033\000r\000n\000i\000c\000e\000,\000\040\000S\000C\000A\000D\000A\000\040\000s\000y\000s\000t\000\351\000m\000y}{}% 10
\BOOKMARK [1][-]{section.11}{\376\377\000S\000e\000n\000z\000o\000r\000i\000k\000a\000\040\040\023\000\040\000p\000o\000l\000o\000h\000a\000,\000\040\000r\000y\000c\000h\000l\000o\000s\000t\000,\000\040\000z\000r\000y\000c\000h\000l\000e\000n\000\355\000,\000\040\000p\000r\001\157\000t\000o\000k\000,\000\040\000h\000l\000a\000d\000i\000n\000a}{}% 11
\BOOKMARK [1][-]{section.12}{\376\377\000S\000e\000n\000z\000o\000r\000i\000k\000a\000\040\040\023\000\040\000t\000e\000p\000l\000o\000t\000a\000,\000\040\000s\000\355\000l\000a\000,\000\040\000h\000m\000o\000t\000n\000o\000s\000t\000,\000\040\000d\000e\000f\000o\000r\000m\000a\000c\000e\000,\000\040\000n\000a\000p\001\033\000t\000\355\000,\000\040\000t\000l\000a\000k}{}% 12
\BOOKMARK [1][-]{section.13}{\376\377\000A\000k\001\015\000n\000\355\000\040\001\015\000l\000e\000n\000y\000\040\040\023\000\040\000e\000l\000e\000k\000t\000r\000i\000c\000k\000\351\000,\000\040\000p\000n\000e\000u\000m\000a\000t\000i\000c\000k\000\351\000\040\000a\000\040\000h\000y\000d\000r\000a\000u\000l\000i\000c\000k\000\351\000\040\000m\000e\000c\000h\000a\000n\000i\000s\000m\000y}{}% 13
\BOOKMARK [1][-]{section.14}{\376\377\000P\000r\001\157\000m\000y\000s\000l\000o\000v\000\351\000\040\000r\000o\000b\000o\000t\000y\000\040\000a\000\040\000m\000a\000n\000i\000p\000u\000l\000\341\000t\000o\000r\000y}{}% 14
\BOOKMARK [1][-]{section.15}{\376\377\000P\000r\001\157\000m\000y\000s\000l\000o\000v\000\351\000\040\000r\000o\000b\000o\000t\000y\000\040\000a\000\040\000m\000a\000n\000i\000p\000u\000l\000\341\000t\000o\000r\000y\000\040\040\023\000\040\000p\000o\000k\000r\000a\001\015\000o\000v\000\341\000n\000\355}{}% 15
\BOOKMARK [1][-]{section.16}{\376\377\000A\000u\000t\000o\000m\000a\000t\000i\000z\000o\000v\000a\000n\000\351\000\040\000v\000\375\000r\000o\000b\000n\000\355\000\040\000a\000\040\000n\000e\000v\000\375\000r\000o\000b\000n\000\355\000\040\000s\000y\000s\000t\000\351\000m\000y}{}% 16
\BOOKMARK [1][-]{section.17}{\376\377\000U\000m\001\033\000l\000\341\000\040\000i\000n\000t\000e\000l\000i\000g\000e\000n\000c\000e}{}% 17
\BOOKMARK [1][-]{section.18}{\376\377\000N\000o\000v\000\351\000\040\000m\000a\000t\000e\000r\000i\000\341\000l\000y\000\040\000a\000\040\000t\000e\000c\000h\000n\000o\000l\000o\000g\000i\000e\000\040\000v\000\040\000m\000e\000c\000h\000a\000t\000r\000o\000n\000i\000c\000e}{}% 18
\BOOKMARK [1][-]{section.19}{\376\377\000M\000e\000t\000o\000d\000y\000\040\000t\000e\000c\000h\000n\000i\000c\000k\000\351\000\040\000d\000i\000a\000g\000n\000o\000s\000t\000i\000k\000y}{}% 19
\BOOKMARK [1][-]{section.20}{\376\377\000P\001\131\000e\000v\000o\000d\000y\000\040\000t\000o\001\015\000i\000v\000\351\000h\000o\000\040\000p\000o\000h\000y\000b\000u\000\040\000\050\000o\000z\000u\000b\000e\000n\000\351\000,\000\040\001\131\000e\000t\001\033\000z\000o\000v\000\351\000,\000\040\001\131\000e\000m\000e\000n\000o\000v\000\351\000\051}{}% 20
\BOOKMARK [1][-]{section.21}{\376\377\000M\000e\000c\000h\000a\000n\000i\000s\000m\000y\000\040\000o\000b\000e\000c\000n\000\351\000h\000o\000\040\000p\000o\000h\000y\000b\000u\000\040\000a\000\040\000t\000v\000r\000d\000\341\000\040\000a\000u\000t\000o\000m\000a\000t\000i\000z\000a\000c\000e}{}% 21
\BOOKMARK [1][-]{section.22}{\376\377\001\014\000\355\000s\000l\000i\000c\000o\000v\001\033\000\040\001\131\000\355\000z\000e\000n\000\351\000\040\000s\000t\000r\000o\000j\000e\000\040\000\050\000C\000N\000C\000\051\000\040\000a\000\040\000j\000e\000j\000i\000c\000h\000\040\000p\000r\000o\000g\000r\000a\000m\000o\000v\000\341\000n\000\355}{}% 22
\BOOKMARK [1][-]{section.23}{\376\377\000C\000A\000x\000\040\000s\000y\000s\000t\000\351\000m\000y\000\040\000a\000\040\000R\000a\000p\000i\000d\000\040\000p\000r\000o\000t\000o\000t\000y\000p\000i\000n\000g}{}% 23
